{"/Volumes/work/FINN/the-shortest-url-jhdtei/src/api.ts": {"path":"/Volumes/work/FINN/the-shortest-url-jhdtei/src/api.ts","statementMap":{"0":{"start":{"line":1,"column":0},"end":{"line":1,"column":33}},"1":{"start":{"line":2,"column":0},"end":{"line":2,"column":75}},"2":{"start":{"line":3,"column":0},"end":{"line":3,"column":72}},"3":{"start":{"line":6,"column":23},"end":{"line":6,"column":31}},"4":{"start":{"line":8,"column":0},"end":{"line":8,"column":30}},"5":{"start":{"line":9,"column":0},"end":{"line":9,"column":29}},"6":{"start":{"line":12,"column":0},"end":{"line":12,"column":22}}},"fnMap":{},"branchMap":{},"s":{"0":2,"1":2,"2":2,"3":2,"4":2,"5":2,"6":2},"f":{},"b":{}}
,"/Volumes/work/FINN/the-shortest-url-jhdtei/src/app.ts": {"path":"/Volumes/work/FINN/the-shortest-url-jhdtei/src/app.ts","statementMap":{"0":{"start":{"line":1,"column":0},"end":{"line":1,"column":47}},"1":{"start":{"line":3,"column":0},"end":{"line":3,"column":22}},"2":{"start":{"line":4,"column":0},"end":{"line":4,"column":47}},"3":{"start":{"line":5,"column":0},"end":{"line":5,"column":36}},"4":{"start":{"line":6,"column":0},"end":{"line":6,"column":48}},"5":{"start":{"line":7,"column":0},"end":{"line":7,"column":71}},"6":{"start":{"line":8,"column":0},"end":{"line":8,"column":67}},"7":{"start":{"line":9,"column":0},"end":{"line":9,"column":49}},"8":{"start":{"line":10,"column":0},"end":{"line":10,"column":67}},"9":{"start":{"line":12,"column":25},"end":{"line":12,"column":34}},"10":{"start":{"line":14,"column":0},"end":{"line":14,"column":32}},"11":{"start":{"line":15,"column":0},"end":{"line":15,"column":35}},"12":{"start":{"line":16,"column":0},"end":{"line":16,"column":33}},"13":{"start":{"line":17,"column":0},"end":{"line":17,"column":21}},"14":{"start":{"line":18,"column":0},"end":{"line":18,"column":24}},"15":{"start":{"line":19,"column":0},"end":{"line":19,"column":35}},"16":{"start":{"line":20,"column":0},"end":{"line":20,"column":24}},"17":{"start":{"line":21,"column":0},"end":{"line":21,"column":17}},"18":{"start":{"line":23,"column":0},"end":{"line":23,"column":23}},"19":{"start":{"line":25,"column":0},"end":{"line":25,"column":19}}},"fnMap":{},"branchMap":{},"s":{"0":2,"1":2,"2":2,"3":2,"4":2,"5":2,"6":2,"7":2,"8":2,"9":2,"10":2,"11":2,"12":2,"13":2,"14":2,"15":2,"16":2,"17":2,"18":2,"19":2},"f":{},"b":{}}
,"/Volumes/work/FINN/the-shortest-url-jhdtei/src/components/404/404.router.ts": {"path":"/Volumes/work/FINN/the-shortest-url-jhdtei/src/components/404/404.router.ts","statementMap":{"0":{"start":{"line":1,"column":0},"end":{"line":1,"column":37}},"1":{"start":{"line":2,"column":0},"end":{"line":2,"column":52}},"2":{"start":{"line":4,"column":23},"end":{"line":4,"column":31}},"3":{"start":{"line":5,"column":16},"end":{"line":5,"column":48}},"4":{"start":{"line":6,"column":0},"end":{"line":8,"column":3}},"5":{"start":{"line":7,"column":4},"end":{"line":7,"column":51}},"6":{"start":{"line":10,"column":0},"end":{"line":10,"column":22}}},"fnMap":{"0":{"name":"(anonymous_0)","decl":{"start":{"line":6,"column":16},"end":{"line":6,"column":17}},"loc":{"start":{"line":6,"column":48},"end":{"line":8,"column":1}}}},"branchMap":{},"s":{"0":2,"1":2,"2":2,"3":2,"4":2,"5":1,"6":2},"f":{"0":1},"b":{}}
,"/Volumes/work/FINN/the-shortest-url-jhdtei/src/components/healthcheck/healthCheck.controller.ts": {"path":"/Volumes/work/FINN/the-shortest-url-jhdtei/src/components/healthcheck/healthCheck.controller.ts","statementMap":{"0":{"start":{"line":1,"column":0},"end":{"line":1,"column":36}},"1":{"start":{"line":3,"column":0},"end":{"line":3,"column":37}},"2":{"start":{"line":5,"column":20},"end":{"line":10,"column":1}},"3":{"start":{"line":7,"column":19},"end":{"line":7,"column":25}},"4":{"start":{"line":8,"column":2},"end":{"line":8,"column":28}},"5":{"start":{"line":9,"column":2},"end":{"line":9,"column":133}},"6":{"start":{"line":12,"column":0},"end":{"line":12,"column":27}}},"fnMap":{"0":{"name":"(anonymous_0)","decl":{"start":{"line":5,"column":20},"end":{"line":5,"column":21}},"loc":{"start":{"line":5,"column":52},"end":{"line":10,"column":1}}}},"branchMap":{},"s":{"0":2,"1":2,"2":2,"3":1,"4":1,"5":1,"6":2},"f":{"0":1},"b":{}}
,"/Volumes/work/FINN/the-shortest-url-jhdtei/src/components/healthcheck/healthCheck.router.ts": {"path":"/Volumes/work/FINN/the-shortest-url-jhdtei/src/components/healthcheck/healthCheck.router.ts","statementMap":{"0":{"start":{"line":1,"column":0},"end":{"line":1,"column":33}},"1":{"start":{"line":2,"column":0},"end":{"line":2,"column":51}},"2":{"start":{"line":4,"column":23},"end":{"line":4,"column":31}},"3":{"start":{"line":6,"column":0},"end":{"line":6,"column":29}},"4":{"start":{"line":7,"column":0},"end":{"line":7,"column":22}}},"fnMap":{},"branchMap":{},"s":{"0":2,"1":2,"2":2,"3":2,"4":2},"f":{},"b":{}}
,"/Volumes/work/FINN/the-shortest-url-jhdtei/src/components/shortening/shortening.controller.ts": {"path":"/Volumes/work/FINN/the-shortest-url-jhdtei/src/components/shortening/shortening.controller.ts","statementMap":{"0":{"start":{"line":2,"column":0},"end":{"line":2,"column":37}},"1":{"start":{"line":3,"column":0},"end":{"line":3,"column":null}},"2":{"start":{"line":8,"column":0},"end":{"line":8,"column":50}},"3":{"start":{"line":13,"column":18},"end":{"line":23,"column":1}},"4":{"start":{"line":14,"column":32},"end":{"line":14,"column":40}},"5":{"start":{"line":15,"column":17},"end":{"line":15,"column":35}},"6":{"start":{"line":16,"column":4},"end":{"line":16,"column":35}},"7":{"start":{"line":17,"column":4},"end":{"line":22,"column":7}},"8":{"start":{"line":36,"column":9},"end":{"line":36,"column":18}},"9":{"start":{"line":25,"column":18},"end":{"line":35,"column":1}},"10":{"start":{"line":26,"column":32},"end":{"line":26,"column":40}},"11":{"start":{"line":27,"column":17},"end":{"line":27,"column":35}},"12":{"start":{"line":28,"column":4},"end":{"line":28,"column":35}},"13":{"start":{"line":29,"column":4},"end":{"line":34,"column":20}},"14":{"start":{"line":36,"column":20},"end":{"line":36,"column":29}}},"fnMap":{"0":{"name":"(anonymous_0)","decl":{"start":{"line":13,"column":18},"end":{"line":13,"column":19}},"loc":{"start":{"line":13,"column":50},"end":{"line":23,"column":1}}},"1":{"name":"(anonymous_1)","decl":{"start":{"line":25,"column":18},"end":{"line":25,"column":19}},"loc":{"start":{"line":25,"column":50},"end":{"line":35,"column":1}}}},"branchMap":{},"s":{"0":2,"1":2,"2":2,"3":2,"4":0,"5":0,"6":0,"7":0,"8":2,"9":2,"10":0,"11":0,"12":0,"13":0,"14":2},"f":{"0":0,"1":0},"b":{}}
,"/Volumes/work/FINN/the-shortest-url-jhdtei/src/components/shortening/shortening.router.ts": {"path":"/Volumes/work/FINN/the-shortest-url-jhdtei/src/components/shortening/shortening.router.ts","statementMap":{"0":{"start":{"line":1,"column":0},"end":{"line":1,"column":33}},"1":{"start":{"line":2,"column":0},"end":{"line":2,"column":63}},"2":{"start":{"line":3,"column":0},"end":{"line":3,"column":null}},"3":{"start":{"line":7,"column":0},"end":{"line":7,"column":68}},"4":{"start":{"line":8,"column":0},"end":{"line":8,"column":68}},"5":{"start":{"line":9,"column":23},"end":{"line":9,"column":31}},"6":{"start":{"line":10,"column":15},"end":{"line":10,"column":27}},"7":{"start":{"line":11,"column":0},"end":{"line":15,"column":2}},"8":{"start":{"line":17,"column":0},"end":{"line":21,"column":2}},"9":{"start":{"line":23,"column":0},"end":{"line":23,"column":22}}},"fnMap":{},"branchMap":{},"s":{"0":2,"1":2,"2":2,"3":2,"4":2,"5":2,"6":2,"7":2,"8":2,"9":2},"f":{},"b":{}}
,"/Volumes/work/FINN/the-shortest-url-jhdtei/src/components/shortening/shortening.service.ts": {"path":"/Volumes/work/FINN/the-shortest-url-jhdtei/src/components/shortening/shortening.service.ts","statementMap":{"0":{"start":{"line":1,"column":0},"end":{"line":1,"column":44}},"1":{"start":{"line":2,"column":0},"end":{"line":2,"column":40}},"2":{"start":{"line":3,"column":0},"end":{"line":3,"column":37}},"3":{"start":{"line":18,"column":15},"end":{"line":28,"column":1}},"4":{"start":{"line":20,"column":4},"end":{"line":26,"column":null}},"5":{"start":{"line":21,"column":8},"end":{"line":21,"column":90}},"6":{"start":{"line":22,"column":25},"end":{"line":22,"column":35}},"7":{"start":{"line":23,"column":8},"end":{"line":23,"column":24}},"8":{"start":{"line":25,"column":8},"end":{"line":25,"column":68}},"9":{"start":{"line":51,"column":9},"end":{"line":51,"column":15}},"10":{"start":{"line":40,"column":15},"end":{"line":48,"column":1}},"11":{"start":{"line":41,"column":4},"end":{"line":47,"column":null}},"12":{"start":{"line":42,"column":8},"end":{"line":42,"column":95}},"13":{"start":{"line":43,"column":28},"end":{"line":43,"column":41}},"14":{"start":{"line":44,"column":8},"end":{"line":44,"column":27}},"15":{"start":{"line":46,"column":8},"end":{"line":46,"column":68}},"16":{"start":{"line":51,"column":17},"end":{"line":51,"column":23}}},"fnMap":{"0":{"name":"(anonymous_0)","decl":{"start":{"line":18,"column":15},"end":{"line":18,"column":16}},"loc":{"start":{"line":18,"column":52},"end":{"line":28,"column":1}}},"1":{"name":"(anonymous_1)","decl":{"start":{"line":40,"column":15},"end":{"line":40,"column":16}},"loc":{"start":{"line":40,"column":49},"end":{"line":48,"column":1}}}},"branchMap":{},"s":{"0":2,"1":2,"2":2,"3":2,"4":0,"5":0,"6":0,"7":0,"8":0,"9":2,"10":2,"11":0,"12":0,"13":0,"14":0,"15":0,"16":2},"f":{"0":0,"1":0},"b":{}}
,"/Volumes/work/FINN/the-shortest-url-jhdtei/src/components/shortening/validators/decodeUrl.validation.ts": {"path":"/Volumes/work/FINN/the-shortest-url-jhdtei/src/components/shortening/validators/decodeUrl.validation.ts","statementMap":{"0":{"start":{"line":3,"column":0},"end":{"line":3,"column":22}},"1":{"start":{"line":5,"column":0},"end":{"line":5,"column":52}},"2":{"start":{"line":7,"column":46},"end":{"line":16,"column":2}},"3":{"start":{"line":18,"column":0},"end":{"line":18,"column":35}}},"fnMap":{},"branchMap":{},"s":{"0":2,"1":2,"2":2,"3":2},"f":{},"b":{}}
,"/Volumes/work/FINN/the-shortest-url-jhdtei/src/components/shortening/validators/encodeUrl.validation.ts": {"path":"/Volumes/work/FINN/the-shortest-url-jhdtei/src/components/shortening/validators/encodeUrl.validation.ts","statementMap":{"0":{"start":{"line":1,"column":0},"end":{"line":1,"column":22}},"1":{"start":{"line":3,"column":0},"end":{"line":3,"column":52}},"2":{"start":{"line":5,"column":46},"end":{"line":14,"column":2}},"3":{"start":{"line":16,"column":0},"end":{"line":16,"column":35}}},"fnMap":{},"branchMap":{},"s":{"0":2,"1":2,"2":2,"3":2},"f":{},"b":{}}
,"/Volumes/work/FINN/the-shortest-url-jhdtei/src/components/swagger-ui/swagger.router.ts": {"path":"/Volumes/work/FINN/the-shortest-url-jhdtei/src/components/swagger-ui/swagger.router.ts","statementMap":{"0":{"start":{"line":1,"column":0},"end":{"line":1,"column":33}},"1":{"start":{"line":2,"column":0},"end":{"line":2,"column":43}},"2":{"start":{"line":4,"column":0},"end":{"line":4,"column":36}},"3":{"start":{"line":5,"column":0},"end":{"line":5,"column":36}},"4":{"start":{"line":6,"column":0},"end":{"line":6,"column":null}},"5":{"start":{"line":11,"column":23},"end":{"line":11,"column":31}},"6":{"start":{"line":13,"column":0},"end":{"line":17,"column":null}},"7":{"start":{"line":14,"column":4},"end":{"line":14,"column":71}},"8":{"start":{"line":16,"column":4},"end":{"line":16,"column":55}},"9":{"start":{"line":19,"column":0},"end":{"line":19,"column":22}}},"fnMap":{},"branchMap":{"0":{"loc":{"start":{"line":13,"column":0},"end":{"line":17,"column":null}},"type":"if","locations":[{"start":{"line":13,"column":0},"end":{"line":17,"column":null}},{"start":{"line":15,"column":7},"end":{"line":17,"column":null}}]}},"s":{"0":2,"1":2,"2":2,"3":2,"4":2,"5":2,"6":2,"7":2,"8":0,"9":2},"f":{},"b":{"0":[2,0]}}
,"/Volumes/work/FINN/the-shortest-url-jhdtei/src/config/config.ts": {"path":"/Volumes/work/FINN/the-shortest-url-jhdtei/src/config/config.ts","statementMap":{"0":{"start":{"line":1,"column":0},"end":{"line":1,"column":22}},"1":{"start":{"line":2,"column":0},"end":{"line":2,"column":27}},"2":{"start":{"line":12,"column":19},"end":{"line":19,"column":18}},"3":{"start":{"line":21,"column":34},"end":{"line":23,"column":26}},"4":{"start":{"line":25,"column":0},"end":{"line":30,"column":null}},"5":{"start":{"line":26,"column":4},"end":{"line":29,"column":6}},"6":{"start":{"line":33,"column":0},"end":{"line":36,"column":2}}},"fnMap":{},"branchMap":{"0":{"loc":{"start":{"line":25,"column":0},"end":{"line":30,"column":null}},"type":"if","locations":[{"start":{"line":25,"column":0},"end":{"line":30,"column":null}}]}},"s":{"0":2,"1":2,"2":2,"3":2,"4":2,"5":0,"6":2},"f":{},"b":{"0":[0]}}
,"/Volumes/work/FINN/the-shortest-url-jhdtei/src/config/consts.ts": {"path":"/Volumes/work/FINN/the-shortest-url-jhdtei/src/config/consts.ts","statementMap":{"0":{"start":{"line":1,"column":22},"end":{"line":1,"column":25}},"1":{"start":{"line":2,"column":22},"end":{"line":2,"column":29}},"2":{"start":{"line":4,"column":0},"end":{"line":4,"column":48}}},"fnMap":{},"branchMap":{},"s":{"0":2,"1":2,"2":2},"f":{},"b":{}}
,"/Volumes/work/FINN/the-shortest-url-jhdtei/src/core/messages/index.ts": {"path":"/Volumes/work/FINN/the-shortest-url-jhdtei/src/core/messages/index.ts","statementMap":{"0":{"start":{"line":1,"column":0},"end":{"line":1,"column":36}},"1":{"start":{"line":2,"column":0},"end":{"line":2,"column":38}}},"fnMap":{},"branchMap":{},"s":{"0":2,"1":2},"f":{},"b":{}}
,"/Volumes/work/FINN/the-shortest-url-jhdtei/src/core/messages/response.messages.ts": {"path":"/Volumes/work/FINN/the-shortest-url-jhdtei/src/core/messages/response.messages.ts","statementMap":{"0":{"start":{"line":1,"column":13},"end":{"line":4,"column":null}}},"fnMap":{},"branchMap":{},"s":{"0":2},"f":{},"b":{}}
,"/Volumes/work/FINN/the-shortest-url-jhdtei/src/core/messages/validation.messages.ts": {"path":"/Volumes/work/FINN/the-shortest-url-jhdtei/src/core/messages/validation.messages.ts","statementMap":{"0":{"start":{"line":1,"column":34},"end":{"line":5,"column":2}},"1":{"start":{"line":1,"column":44},"end":{"line":5,"column":2}},"2":{"start":{"line":1,"column":13},"end":{"line":1,"column":34}}},"fnMap":{"0":{"name":"(anonymous_0)","decl":{"start":{"line":1,"column":34},"end":{"line":1,"column":35}},"loc":{"start":{"line":1,"column":44},"end":{"line":5,"column":2}}}},"branchMap":{},"s":{"0":2,"1":12,"2":2},"f":{"0":12},"b":{}}
,"/Volumes/work/FINN/the-shortest-url-jhdtei/src/core/middlewares/errorHandling.middleware.ts": {"path":"/Volumes/work/FINN/the-shortest-url-jhdtei/src/core/middlewares/errorHandling.middleware.ts","statementMap":{"0":{"start":{"line":3,"column":0},"end":{"line":3,"column":37}},"1":{"start":{"line":5,"column":0},"end":{"line":5,"column":52}},"2":{"start":{"line":8,"column":22},"end":{"line":26,"column":1}},"3":{"start":{"line":15,"column":2},"end":{"line":15,"column":34}},"4":{"start":{"line":16,"column":20},"end":{"line":16,"column":54}},"5":{"start":{"line":17,"column":25},"end":{"line":19,"column":38}},"6":{"start":{"line":20,"column":24},"end":{"line":22,"column":50}},"7":{"start":{"line":23,"column":2},"end":{"line":25,"column":5}},"8":{"start":{"line":28,"column":0},"end":{"line":28,"column":29}}},"fnMap":{"0":{"name":"(anonymous_0)","decl":{"start":{"line":8,"column":22},"end":{"line":8,"column":null}},"loc":{"start":{"line":14,"column":4},"end":{"line":26,"column":1}}}},"branchMap":{"0":{"loc":{"start":{"line":17,"column":25},"end":{"line":19,"column":38}},"type":"cond-expr","locations":[{"start":{"line":18,"column":7},"end":{"line":18,"column":34}},{"start":{"line":19,"column":6},"end":{"line":19,"column":38}}]},"1":{"loc":{"start":{"line":20,"column":24},"end":{"line":22,"column":50}},"type":"cond-expr","locations":[{"start":{"line":21,"column":6},"end":{"line":21,"column":19}},{"start":{"line":22,"column":6},"end":{"line":22,"column":50}}]}},"s":{"0":2,"1":2,"2":2,"3":0,"4":0,"5":0,"6":0,"7":0,"8":2},"f":{"0":0},"b":{"0":[0,0],"1":[0,0]}}
,"/Volumes/work/FINN/the-shortest-url-jhdtei/src/core/middlewares/swagger.middleware.ts": {"path":"/Volumes/work/FINN/the-shortest-url-jhdtei/src/core/middlewares/swagger.middleware.ts","statementMap":{"0":{"start":{"line":2,"column":0},"end":{"line":2,"column":37}},"1":{"start":{"line":3,"column":0},"end":{"line":3,"column":43}},"2":{"start":{"line":4,"column":0},"end":{"line":4,"column":44}},"3":{"start":{"line":5,"column":0},"end":{"line":5,"column":40}},"4":{"start":{"line":6,"column":0},"end":{"line":6,"column":36}},"5":{"start":{"line":7,"column":0},"end":{"line":7,"column":49}},"6":{"start":{"line":9,"column":25},"end":{"line":15,"column":1}},"7":{"start":{"line":10,"column":4},"end":{"line":10,"column":64}},"8":{"start":{"line":11,"column":4},"end":{"line":14,"column":6}},"9":{"start":{"line":25,"column":26},"end":{"line":25,"column":42}},"10":{"start":{"line":17,"column":24},"end":{"line":23,"column":1}},"11":{"start":{"line":18,"column":29},"end":{"line":18,"column":78}},"12":{"start":{"line":19,"column":4},"end":{"line":19,"column":40}},"13":{"start":{"line":20,"column":4},"end":{"line":22,"column":7}},"14":{"start":{"line":21,"column":8},"end":{"line":21,"column":15}},"15":{"start":{"line":25,"column":9},"end":{"line":25,"column":24}}},"fnMap":{"0":{"name":"(anonymous_0)","decl":{"start":{"line":9,"column":25},"end":{"line":9,"column":28}},"loc":{"start":{"line":9,"column":30},"end":{"line":15,"column":1}}},"1":{"name":"(anonymous_1)","decl":{"start":{"line":17,"column":24},"end":{"line":17,"column":25}},"loc":{"start":{"line":17,"column":76},"end":{"line":23,"column":1}}},"2":{"name":"(anonymous_2)","decl":{"start":{"line":20,"column":47},"end":{"line":20,"column":50}},"loc":{"start":{"line":20,"column":52},"end":{"line":22,"column":5}}}},"branchMap":{},"s":{"0":2,"1":2,"2":2,"3":2,"4":2,"5":2,"6":2,"7":0,"8":0,"9":2,"10":2,"11":0,"12":0,"13":0,"14":0,"15":2},"f":{"0":0,"1":0,"2":0},"b":{}}
,"/Volumes/work/FINN/the-shortest-url-jhdtei/src/core/middlewares/uniqueReqId.middleware.ts": {"path":"/Volumes/work/FINN/the-shortest-url-jhdtei/src/core/middlewares/uniqueReqId.middleware.ts","statementMap":{"0":{"start":{"line":1,"column":0},"end":{"line":1,"column":36}},"1":{"start":{"line":3,"column":0},"end":{"line":3,"column":47}},"2":{"start":{"line":4,"column":0},"end":{"line":4,"column":40}},"3":{"start":{"line":6,"column":20},"end":{"line":13,"column":1}},"4":{"start":{"line":7,"column":2},"end":{"line":7,"column":37}},"5":{"start":{"line":8,"column":2},"end":{"line":8,"column":63}},"6":{"start":{"line":9,"column":2},"end":{"line":11,"column":5}},"7":{"start":{"line":10,"column":4},"end":{"line":10,"column":63}},"8":{"start":{"line":12,"column":2},"end":{"line":12,"column":16}},"9":{"start":{"line":15,"column":0},"end":{"line":15,"column":27}}},"fnMap":{"0":{"name":"(anonymous_0)","decl":{"start":{"line":6,"column":20},"end":{"line":6,"column":21}},"loc":{"start":{"line":6,"column":72},"end":{"line":13,"column":1}}},"1":{"name":"(anonymous_1)","decl":{"start":{"line":9,"column":19},"end":{"line":9,"column":22}},"loc":{"start":{"line":9,"column":24},"end":{"line":11,"column":3}}}},"branchMap":{},"s":{"0":2,"1":2,"2":2,"3":2,"4":2,"5":2,"6":2,"7":2,"8":2,"9":2},"f":{"0":2,"1":2},"b":{}}
,"/Volumes/work/FINN/the-shortest-url-jhdtei/src/core/middlewares/validate.middleware.ts": {"path":"/Volumes/work/FINN/the-shortest-url-jhdtei/src/core/middlewares/validate.middleware.ts","statementMap":{"0":{"start":{"line":1,"column":0},"end":{"line":1,"column":22}},"1":{"start":{"line":2,"column":0},"end":{"line":2,"column":37}},"2":{"start":{"line":5,"column":0},"end":{"line":5,"column":44}},"3":{"start":{"line":14,"column":4},"end":{"line":46,"column":9}},"4":{"start":{"line":15,"column":8},"end":{"line":46,"column":9}},"5":{"start":{"line":17,"column":44},"end":{"line":18,"column":66}},"6":{"start":{"line":18,"column":16},"end":{"line":18,"column":66}},"7":{"start":{"line":18,"column":39},"end":{"line":18,"column":60}},"8":{"start":{"line":20,"column":38},"end":{"line":20,"column":57}},"9":{"start":{"line":21,"column":51},"end":{"line":21,"column":78}},"10":{"start":{"line":22,"column":58},"end":{"line":23,"column":null}},"11":{"start":{"line":23,"column":23},"end":{"line":23,"column":55}},"12":{"start":{"line":25,"column":12},"end":{"line":28,"column":null}},"13":{"start":{"line":26,"column":26},"end":{"line":26,"column":131}},"14":{"start":{"line":27,"column":16},"end":{"line":27,"column":79}},"15":{"start":{"line":29,"column":32},"end":{"line":31,"column":null}},"16":{"start":{"line":33,"column":27},"end":{"line":33,"column":81}},"17":{"start":{"line":34,"column":37},"end":{"line":36,"column":33}},"18":{"start":{"line":37,"column":12},"end":{"line":43,"column":null}},"19":{"start":{"line":38,"column":37},"end":{"line":40,"column":31}},"20":{"start":{"line":39,"column":38},"end":{"line":39,"column":53}},"21":{"start":{"line":41,"column":16},"end":{"line":41,"column":58}},"22":{"start":{"line":42,"column":16},"end":{"line":42,"column":80}},"23":{"start":{"line":44,"column":12},"end":{"line":44,"column":38}},"24":{"start":{"line":45,"column":12},"end":{"line":45,"column":26}},"25":{"start":{"line":48,"column":0},"end":{"line":48,"column":24}}},"fnMap":{"0":{"name":"(anonymous_0)","decl":{"start":{"line":14,"column":4},"end":{"line":14,"column":5}},"loc":{"start":{"line":15,"column":8},"end":{"line":46,"column":9}}},"1":{"name":"(anonymous_1)","decl":{"start":{"line":15,"column":8},"end":{"line":15,"column":9}},"loc":{"start":{"line":15,"column":60},"end":{"line":46,"column":9}}},"2":{"name":"(anonymous_2)","decl":{"start":{"line":17,"column":44},"end":{"line":17,"column":45}},"loc":{"start":{"line":18,"column":16},"end":{"line":18,"column":66}}},"3":{"name":"(anonymous_3)","decl":{"start":{"line":18,"column":28},"end":{"line":18,"column":29}},"loc":{"start":{"line":18,"column":39},"end":{"line":18,"column":60}}},"4":{"name":"(anonymous_4)","decl":{"start":{"line":23,"column":16},"end":{"line":23,"column":17}},"loc":{"start":{"line":23,"column":23},"end":{"line":23,"column":55}}},"5":{"name":"(anonymous_5)","decl":{"start":{"line":39,"column":25},"end":{"line":39,"column":26}},"loc":{"start":{"line":39,"column":38},"end":{"line":39,"column":53}}}},"branchMap":{"0":{"loc":{"start":{"line":25,"column":12},"end":{"line":28,"column":null}},"type":"if","locations":[{"start":{"line":25,"column":12},"end":{"line":28,"column":null}}]},"1":{"loc":{"start":{"line":37,"column":12},"end":{"line":43,"column":null}},"type":"if","locations":[{"start":{"line":37,"column":12},"end":{"line":43,"column":null}}]}},"s":{"0":2,"1":2,"2":2,"3":2,"4":4,"5":0,"6":0,"7":0,"8":0,"9":0,"10":0,"11":0,"12":0,"13":0,"14":0,"15":0,"16":0,"17":0,"18":0,"19":0,"20":0,"21":0,"22":0,"23":0,"24":0,"25":2},"f":{"0":4,"1":0,"2":0,"3":0,"4":0,"5":0},"b":{"0":[0],"1":[0]}}
,"/Volumes/work/FINN/the-shortest-url-jhdtei/src/core/utils/appError.ts": {"path":"/Volumes/work/FINN/the-shortest-url-jhdtei/src/core/utils/appError.ts","statementMap":{"0":{"start":{"line":12,"column":8},"end":{"line":12,"column":27}},"1":{"start":{"line":13,"column":8},"end":{"line":13,"column":58}},"2":{"start":{"line":14,"column":8},"end":{"line":14,"column":33}},"3":{"start":{"line":15,"column":8},"end":{"line":15,"column":43}},"4":{"start":{"line":16,"column":8},"end":{"line":16,"column":38}},"5":{"start":{"line":2,"column":0},"end":{"line":2,"column":21}}},"fnMap":{"0":{"name":"(anonymous_0)","decl":{"start":{"line":7,"column":4},"end":{"line":7,"column":null}},"loc":{"start":{"line":10,"column":37},"end":{"line":17,"column":5}}}},"branchMap":{"0":{"loc":{"start":{"line":10,"column":8},"end":{"line":10,"column":37}},"type":"default-arg","locations":[{"start":{"line":10,"column":33},"end":{"line":10,"column":37}}]}},"s":{"0":0,"1":0,"2":0,"3":0,"4":0,"5":2},"f":{"0":0},"b":{"0":[0]}}
,"/Volumes/work/FINN/the-shortest-url-jhdtei/src/core/utils/errorHandler.ts": {"path":"/Volumes/work/FINN/the-shortest-url-jhdtei/src/core/utils/errorHandler.ts","statementMap":{"0":{"start":{"line":1,"column":0},"end":{"line":1,"column":40}},"1":{"start":{"line":3,"column":0},"end":{"line":3,"column":34}},"2":{"start":{"line":7,"column":8},"end":{"line":7,"column":28}},"3":{"start":{"line":11,"column":8},"end":{"line":13,"column":null}},"4":{"start":{"line":12,"column":12},"end":{"line":12,"column":39}},"5":{"start":{"line":14,"column":8},"end":{"line":14,"column":21}},"6":{"start":{"line":18,"column":0},"end":{"line":18,"column":34}}},"fnMap":{"0":{"name":"(anonymous_0)","decl":{"start":{"line":6,"column":11},"end":{"line":6,"column":22}},"loc":{"start":{"line":6,"column":35},"end":{"line":8,"column":5}}},"1":{"name":"(anonymous_1)","decl":{"start":{"line":10,"column":11},"end":{"line":10,"column":25}},"loc":{"start":{"line":10,"column":38},"end":{"line":15,"column":5}}}},"branchMap":{"0":{"loc":{"start":{"line":11,"column":8},"end":{"line":13,"column":null}},"type":"if","locations":[{"start":{"line":11,"column":8},"end":{"line":13,"column":null}}]}},"s":{"0":2,"1":2,"2":0,"3":0,"4":0,"5":0,"6":2},"f":{"0":0,"1":0},"b":{"0":[0]}}
,"/Volumes/work/FINN/the-shortest-url-jhdtei/src/core/utils/httpLogger.ts": {"path":"/Volumes/work/FINN/the-shortest-url-jhdtei/src/core/utils/httpLogger.ts","statementMap":{"0":{"start":{"line":2,"column":0},"end":{"line":2,"column":28}},"1":{"start":{"line":4,"column":0},"end":{"line":4,"column":36}},"2":{"start":{"line":5,"column":0},"end":{"line":5,"column":40}},"3":{"start":{"line":7,"column":0},"end":{"line":10,"column":2}},"4":{"start":{"line":9,"column":37},"end":{"line":9,"column":66}},"5":{"start":{"line":12,"column":25},"end":{"line":13,"column":56}},"6":{"start":{"line":13,"column":4},"end":{"line":13,"column":56}},"7":{"start":{"line":14,"column":30},"end":{"line":14,"column":93}},"8":{"start":{"line":15,"column":28},"end":{"line":15,"column":111}},"9":{"start":{"line":17,"column":23},"end":{"line":20,"column":2}},"10":{"start":{"line":18,"column":43},"end":{"line":18,"column":64}},"11":{"start":{"line":19,"column":34},"end":{"line":19,"column":61}},"12":{"start":{"line":22,"column":21},"end":{"line":25,"column":2}},"13":{"start":{"line":23,"column":43},"end":{"line":23,"column":63}},"14":{"start":{"line":24,"column":34},"end":{"line":24,"column":62}},"15":{"start":{"line":27,"column":0},"end":{"line":27,"column":48}}},"fnMap":{"0":{"name":"(anonymous_0)","decl":{"start":{"line":9,"column":4},"end":{"line":9,"column":5}},"loc":{"start":{"line":9,"column":37},"end":{"line":9,"column":66}}},"1":{"name":"(anonymous_1)","decl":{"start":{"line":12,"column":25},"end":{"line":12,"column":36}},"loc":{"start":{"line":13,"column":4},"end":{"line":13,"column":56}}},"2":{"name":"(anonymous_2)","decl":{"start":{"line":18,"column":10},"end":{"line":18,"column":11}},"loc":{"start":{"line":18,"column":43},"end":{"line":18,"column":64}}},"3":{"name":"(anonymous_3)","decl":{"start":{"line":19,"column":21},"end":{"line":19,"column":22}},"loc":{"start":{"line":19,"column":34},"end":{"line":19,"column":61}}},"4":{"name":"(anonymous_4)","decl":{"start":{"line":23,"column":10},"end":{"line":23,"column":11}},"loc":{"start":{"line":23,"column":43},"end":{"line":23,"column":63}}},"5":{"name":"(anonymous_5)","decl":{"start":{"line":24,"column":21},"end":{"line":24,"column":22}},"loc":{"start":{"line":24,"column":34},"end":{"line":24,"column":62}}}},"branchMap":{"0":{"loc":{"start":{"line":9,"column":37},"end":{"line":9,"column":66}},"type":"binary-expr","locations":[{"start":{"line":9,"column":37},"end":{"line":9,"column":60}},{"start":{"line":9,"column":64},"end":{"line":9,"column":66}}]},"1":{"loc":{"start":{"line":13,"column":4},"end":{"line":13,"column":56}},"type":"cond-expr","locations":[{"start":{"line":13,"column":34},"end":{"line":13,"column":51}},{"start":{"line":13,"column":54},"end":{"line":13,"column":56}}]}},"s":{"0":2,"1":2,"2":2,"3":2,"4":1,"5":2,"6":4,"7":2,"8":2,"9":2,"10":2,"11":1,"12":2,"13":2,"14":1,"15":2},"f":{"0":1,"1":4,"2":2,"3":1,"4":2,"5":1},"b":{"0":[1,1],"1":[0,4]}}
,"/Volumes/work/FINN/the-shortest-url-jhdtei/src/core/utils/logger.ts": {"path":"/Volumes/work/FINN/the-shortest-url-jhdtei/src/core/utils/logger.ts","statementMap":{"0":{"start":{"line":1,"column":0},"end":{"line":1,"column":30}},"1":{"start":{"line":2,"column":0},"end":{"line":2,"column":39}},"2":{"start":{"line":3,"column":0},"end":{"line":3,"column":47}},"3":{"start":{"line":4,"column":0},"end":{"line":4,"column":36}},"4":{"start":{"line":6,"column":25},"end":{"line":15,"column":2}},"5":{"start":{"line":7,"column":4},"end":{"line":13,"column":null}},"6":{"start":{"line":8,"column":8},"end":{"line":11,"column":null}},"7":{"start":{"line":14,"column":4},"end":{"line":14,"column":16}},"8":{"start":{"line":16,"column":22},"end":{"line":23,"column":1}},"9":{"start":{"line":17,"column":18},"end":{"line":17,"column":42}},"10":{"start":{"line":18,"column":15},"end":{"line":18,"column":29}},"11":{"start":{"line":19,"column":4},"end":{"line":19,"column":35}},"12":{"start":{"line":19,"column":15},"end":{"line":19,"column":35}},"13":{"start":{"line":20,"column":4},"end":{"line":20,"column":35}},"14":{"start":{"line":21,"column":4},"end":{"line":21,"column":38}},"15":{"start":{"line":21,"column":15},"end":{"line":21,"column":38}},"16":{"start":{"line":22,"column":4},"end":{"line":22,"column":16}},"17":{"start":{"line":24,"column":31},"end":{"line":40,"column":2}},"18":{"start":{"line":42,"column":21},"end":{"line":50,"column":2}},"19":{"start":{"line":52,"column":30},"end":{"line":52,"column":57}},"20":{"start":{"line":54,"column":0},"end":{"line":54,"column":54}},"21":{"start":{"line":57,"column":0},"end":{"line":74,"column":3}},"22":{"start":{"line":58,"column":4},"end":{"line":62,"column":null}},"23":{"start":{"line":59,"column":8},"end":{"line":59,"column":29}},"24":{"start":{"line":61,"column":8},"end":{"line":61,"column":28}},"25":{"start":{"line":63,"column":18},"end":{"line":64,"column":null}},"26":{"start":{"line":64,"column":23},"end":{"line":64,"column":48}},"27":{"start":{"line":66,"column":4},"end":{"line":73,"column":null}},"28":{"start":{"line":68,"column":8},"end":{"line":71,"column":10}},"29":{"start":{"line":72,"column":8},"end":{"line":72,"column":37}},"30":{"start":{"line":76,"column":0},"end":{"line":76,"column":22}}},"fnMap":{"0":{"name":"(anonymous_0)","decl":{"start":{"line":6,"column":40},"end":{"line":6,"column":41}},"loc":{"start":{"line":6,"column":49},"end":{"line":15,"column":1}}},"1":{"name":"(anonymous_1)","decl":{"start":{"line":16,"column":22},"end":{"line":16,"column":23}},"loc":{"start":{"line":16,"column":63},"end":{"line":23,"column":1}}},"2":{"name":"(anonymous_2)","decl":{"start":{"line":57,"column":4},"end":{"line":57,"column":7}},"loc":{"start":{"line":57,"column":9},"end":{"line":74,"column":1}}},"3":{"name":"(anonymous_3)","decl":{"start":{"line":64,"column":8},"end":{"line":64,"column":9}},"loc":{"start":{"line":64,"column":23},"end":{"line":64,"column":48}}}},"branchMap":{"0":{"loc":{"start":{"line":7,"column":4},"end":{"line":13,"column":null}},"type":"if","locations":[{"start":{"line":7,"column":4},"end":{"line":13,"column":null}}]},"1":{"loc":{"start":{"line":19,"column":4},"end":{"line":19,"column":35}},"type":"if","locations":[{"start":{"line":19,"column":4},"end":{"line":19,"column":35}}]},"2":{"loc":{"start":{"line":21,"column":4},"end":{"line":21,"column":38}},"type":"if","locations":[{"start":{"line":21,"column":4},"end":{"line":21,"column":38}}]},"3":{"loc":{"start":{"line":25,"column":11},"end":{"line":25,"column":58}},"type":"cond-expr","locations":[{"start":{"line":25,"column":42},"end":{"line":25,"column":49}},{"start":{"line":25,"column":52},"end":{"line":25,"column":58}}]},"4":{"loc":{"start":{"line":29,"column":8},"end":{"line":31,"column":41}},"type":"cond-expr","locations":[{"start":{"line":30,"column":14},"end":{"line":30,"column":39}},{"start":{"line":31,"column":14},"end":{"line":31,"column":41}}]},"5":{"loc":{"start":{"line":58,"column":4},"end":{"line":62,"column":null}},"type":"if","locations":[{"start":{"line":58,"column":4},"end":{"line":62,"column":null}},{"start":{"line":60,"column":11},"end":{"line":62,"column":null}}]},"6":{"loc":{"start":{"line":66,"column":4},"end":{"line":73,"column":null}},"type":"if","locations":[{"start":{"line":66,"column":4},"end":{"line":73,"column":null}}]},"7":{"loc":{"start":{"line":66,"column":8},"end":{"line":66,"column":29}},"type":"binary-expr","locations":[{"start":{"line":66,"column":8},"end":{"line":66,"column":13}},{"start":{"line":66,"column":17},"end":{"line":66,"column":29}}]}},"s":{"0":2,"1":2,"2":2,"3":2,"4":2,"5":8,"6":0,"7":8,"8":2,"9":8,"10":8,"11":8,"12":6,"13":8,"14":8,"15":0,"16":8,"17":2,"18":2,"19":2,"20":2,"21":2,"22":0,"23":0,"24":0,"25":0,"26":0,"27":0,"28":0,"29":0,"30":2},"f":{"0":8,"1":8,"2":0,"3":0},"b":{"0":[0],"1":[6],"2":[0],"3":[0,2],"4":[0,2],"5":[0,0],"6":[0],"7":[0,0]}}
}
