TN:
SF:src/api.ts
FNF:0
FNH:0
DA:1,2
DA:2,2
DA:3,2
DA:6,2
DA:8,2
DA:9,2
DA:12,2
LF:7
LH:7
BRF:0
BRH:0
end_of_record
TN:
SF:src/app.ts
FNF:0
FNH:0
DA:1,2
DA:3,2
DA:4,2
DA:5,2
DA:6,2
DA:7,2
DA:8,2
DA:9,2
DA:10,2
DA:12,2
DA:14,2
DA:15,2
DA:16,2
DA:17,2
DA:18,2
DA:19,2
DA:20,2
DA:21,2
DA:23,2
DA:25,2
LF:20
LH:20
BRF:0
BRH:0
end_of_record
TN:
SF:src/components/404/404.router.ts
FN:6,(anonymous_0)
FNF:1
FNH:1
FNDA:1,(anonymous_0)
DA:1,2
DA:2,2
DA:4,2
DA:5,2
DA:6,2
DA:7,1
DA:10,2
LF:7
LH:7
BRF:0
BRH:0
end_of_record
TN:
SF:src/components/healthcheck/healthCheck.controller.ts
FN:5,(anonymous_0)
FNF:1
FNH:1
FNDA:1,(anonymous_0)
DA:1,2
DA:3,2
DA:5,2
DA:7,1
DA:8,1
DA:9,1
DA:12,2
LF:7
LH:7
BRF:0
BRH:0
end_of_record
TN:
SF:src/components/healthcheck/healthCheck.router.ts
FNF:0
FNH:0
DA:1,2
DA:2,2
DA:4,2
DA:6,2
DA:7,2
LF:5
LH:5
BRF:0
BRH:0
end_of_record
TN:
SF:src/components/shortening/shortening.controller.ts
FN:13,(anonymous_0)
FN:25,(anonymous_1)
FNF:2
FNH:0
FNDA:0,(anonymous_0)
FNDA:0,(anonymous_1)
DA:2,2
DA:3,2
DA:8,2
DA:13,2
DA:14,0
DA:15,0
DA:16,0
DA:17,0
DA:25,2
DA:26,0
DA:27,0
DA:28,0
DA:29,0
DA:36,2
LF:14
LH:6
BRF:0
BRH:0
end_of_record
TN:
SF:src/components/shortening/shortening.router.ts
FNF:0
FNH:0
DA:1,2
DA:2,2
DA:3,2
DA:7,2
DA:8,2
DA:9,2
DA:10,2
DA:11,2
DA:17,2
DA:23,2
LF:10
LH:10
BRF:0
BRH:0
end_of_record
TN:
SF:src/components/shortening/shortening.service.ts
FN:18,(anonymous_0)
FN:40,(anonymous_1)
FNF:2
FNH:0
FNDA:0,(anonymous_0)
FNDA:0,(anonymous_1)
DA:1,2
DA:2,2
DA:3,2
DA:18,2
DA:20,0
DA:21,0
DA:22,0
DA:23,0
DA:25,0
DA:40,2
DA:41,0
DA:42,0
DA:43,0
DA:44,0
DA:46,0
DA:51,2
LF:16
LH:6
BRF:0
BRH:0
end_of_record
TN:
SF:src/components/shortening/validators/decodeUrl.validation.ts
FNF:0
FNH:0
DA:3,2
DA:5,2
DA:7,2
DA:18,2
LF:4
LH:4
BRF:0
BRH:0
end_of_record
TN:
SF:src/components/shortening/validators/encodeUrl.validation.ts
FNF:0
FNH:0
DA:1,2
DA:3,2
DA:5,2
DA:16,2
LF:4
LH:4
BRF:0
BRH:0
end_of_record
TN:
SF:src/components/swagger-ui/swagger.router.ts
FNF:0
FNH:0
DA:1,2
DA:2,2
DA:4,2
DA:5,2
DA:6,2
DA:11,2
DA:13,2
DA:14,2
DA:16,0
DA:19,2
LF:10
LH:9
BRDA:13,0,0,2
BRDA:13,0,1,0
BRF:2
BRH:1
end_of_record
TN:
SF:src/config/config.ts
FNF:0
FNH:0
DA:1,2
DA:2,2
DA:12,2
DA:21,2
DA:25,2
DA:26,0
DA:33,2
LF:7
LH:6
BRDA:25,0,0,0
BRF:1
BRH:0
end_of_record
TN:
SF:src/config/consts.ts
FNF:0
FNH:0
DA:1,2
DA:2,2
DA:4,2
LF:3
LH:3
BRF:0
BRH:0
end_of_record
TN:
SF:src/core/messages/index.ts
FNF:0
FNH:0
DA:1,2
DA:2,2
LF:2
LH:2
BRF:0
BRH:0
end_of_record
TN:
SF:src/core/messages/response.messages.ts
FNF:0
FNH:0
DA:1,2
LF:1
LH:1
BRF:0
BRH:0
end_of_record
TN:
SF:src/core/messages/validation.messages.ts
FN:1,(anonymous_0)
FNF:1
FNH:1
FNDA:12,(anonymous_0)
DA:1,12
LF:1
LH:1
BRF:0
BRH:0
end_of_record
TN:
SF:src/core/middlewares/errorHandling.middleware.ts
FN:8,(anonymous_0)
FNF:1
FNH:0
FNDA:0,(anonymous_0)
DA:3,2
DA:5,2
DA:8,2
DA:15,0
DA:16,0
DA:17,0
DA:20,0
DA:23,0
DA:28,2
LF:9
LH:4
BRDA:17,0,0,0
BRDA:17,0,1,0
BRDA:20,1,0,0
BRDA:20,1,1,0
BRF:4
BRH:0
end_of_record
TN:
SF:src/core/middlewares/swagger.middleware.ts
FN:9,(anonymous_0)
FN:17,(anonymous_1)
FN:20,(anonymous_2)
FNF:3
FNH:0
FNDA:0,(anonymous_0)
FNDA:0,(anonymous_1)
FNDA:0,(anonymous_2)
DA:2,2
DA:3,2
DA:4,2
DA:5,2
DA:6,2
DA:7,2
DA:9,2
DA:10,0
DA:11,0
DA:17,2
DA:18,0
DA:19,0
DA:20,0
DA:21,0
DA:25,2
LF:15
LH:9
BRF:0
BRH:0
end_of_record
TN:
SF:src/core/middlewares/uniqueReqId.middleware.ts
FN:6,(anonymous_0)
FN:9,(anonymous_1)
FNF:2
FNH:2
FNDA:2,(anonymous_0)
FNDA:2,(anonymous_1)
DA:1,2
DA:3,2
DA:4,2
DA:6,2
DA:7,2
DA:8,2
DA:9,2
DA:10,2
DA:12,2
DA:15,2
LF:10
LH:10
BRF:0
BRH:0
end_of_record
TN:
SF:src/core/middlewares/validate.middleware.ts
FN:14,(anonymous_0)
FN:15,(anonymous_1)
FN:17,(anonymous_2)
FN:18,(anonymous_3)
FN:23,(anonymous_4)
FN:39,(anonymous_5)
FNF:6
FNH:1
FNDA:4,(anonymous_0)
FNDA:0,(anonymous_1)
FNDA:0,(anonymous_2)
FNDA:0,(anonymous_3)
FNDA:0,(anonymous_4)
FNDA:0,(anonymous_5)
DA:1,2
DA:2,2
DA:5,2
DA:14,2
DA:15,4
DA:17,0
DA:18,0
DA:20,0
DA:21,0
DA:22,0
DA:23,0
DA:25,0
DA:26,0
DA:27,0
DA:29,0
DA:33,0
DA:34,0
DA:37,0
DA:38,0
DA:39,0
DA:41,0
DA:42,0
DA:44,0
DA:45,0
DA:48,2
LF:25
LH:6
BRDA:25,0,0,0
BRDA:37,1,0,0
BRF:2
BRH:0
end_of_record
TN:
SF:src/core/utils/appError.ts
FN:7,(anonymous_0)
FNF:1
FNH:0
FNDA:0,(anonymous_0)
DA:2,2
DA:12,0
DA:13,0
DA:14,0
DA:15,0
DA:16,0
LF:6
LH:1
BRDA:10,0,0,0
BRF:1
BRH:0
end_of_record
TN:
SF:src/core/utils/errorHandler.ts
FN:6,(anonymous_0)
FN:10,(anonymous_1)
FNF:2
FNH:0
FNDA:0,(anonymous_0)
FNDA:0,(anonymous_1)
DA:1,2
DA:3,2
DA:7,0
DA:11,0
DA:12,0
DA:14,0
DA:18,2
LF:7
LH:3
BRDA:11,0,0,0
BRF:1
BRH:0
end_of_record
TN:
SF:src/core/utils/httpLogger.ts
FN:9,(anonymous_0)
FN:12,(anonymous_1)
FN:18,(anonymous_2)
FN:19,(anonymous_3)
FN:23,(anonymous_4)
FN:24,(anonymous_5)
FNF:6
FNH:6
FNDA:1,(anonymous_0)
FNDA:4,(anonymous_1)
FNDA:2,(anonymous_2)
FNDA:1,(anonymous_3)
FNDA:2,(anonymous_4)
FNDA:1,(anonymous_5)
DA:2,2
DA:4,2
DA:5,2
DA:7,2
DA:9,1
DA:12,2
DA:13,4
DA:14,2
DA:15,2
DA:17,2
DA:18,2
DA:19,1
DA:22,2
DA:23,2
DA:24,1
DA:27,2
LF:16
LH:16
BRDA:9,0,0,1
BRDA:9,0,1,1
BRDA:13,1,0,0
BRDA:13,1,1,4
BRF:4
BRH:3
end_of_record
TN:
SF:src/core/utils/logger.ts
FN:6,(anonymous_0)
FN:16,(anonymous_1)
FN:57,(anonymous_2)
FN:64,(anonymous_3)
FNF:4
FNH:2
FNDA:8,(anonymous_0)
FNDA:8,(anonymous_1)
FNDA:0,(anonymous_2)
FNDA:0,(anonymous_3)
DA:1,2
DA:2,2
DA:3,2
DA:4,2
DA:6,2
DA:7,8
DA:8,0
DA:14,8
DA:16,2
DA:17,8
DA:18,8
DA:19,8
DA:20,8
DA:21,8
DA:22,8
DA:24,2
DA:42,2
DA:52,2
DA:54,2
DA:57,2
DA:58,0
DA:59,0
DA:61,0
DA:63,0
DA:64,0
DA:66,0
DA:68,0
DA:72,0
DA:76,2
LF:29
LH:20
BRDA:7,0,0,0
BRDA:19,1,0,6
BRDA:21,2,0,0
BRDA:25,3,0,0
BRDA:25,3,1,2
BRDA:29,4,0,0
BRDA:29,4,1,2
BRDA:58,5,0,0
BRDA:58,5,1,0
BRDA:66,6,0,0
BRDA:66,7,0,0
BRDA:66,7,1,0
BRF:12
BRH:3
end_of_record
